app/build/intermediates/manifest_merge_blame_file/debug/processDebugMainManifest/manifest-merger-blame-debug-report.txt
1<?xml version="1.0" encoding="utf-8"?>
2<manifest xmlns:android="http://schemas.android.com/apk/res/android"
3    package="com.example.unibus"
4    android:versionCode="1"
5    android:versionName="1.0" >
6
7    <uses-sdk
8        android:minSdkVersion="24"
9        android:targetSdkVersion="34" />
10
11    <uses-permission android:name="android.permission.INTERNET" />
11-->src\main\AndroidManifest.xml:3:5-67
11-->src\main\AndroidManifest.xml:3:22-64
12    <uses-permission android:name="android.permission.ACCESS_NETWORK_STATE" />
12-->src\main\AndroidManifest.xml:4:5-79
12-->src\main\AndroidManifest.xml:4:22-76
13    <uses-permission android:name="android.permission.ACCESS_FINE_LOCATION" />
13-->src\main\AndroidManifest.xml:5:5-79
13-->src\main\AndroidManifest.xml:5:22-76
14    <uses-permission android:name="android.permission.ACCESS_COARSE_LOCATION" />
14-->src\main\AndroidManifest.xml:6:5-81
14-->src\main\AndroidManifest.xml:6:22-78
15    <uses-permission android:name="com.google.android.providers.gsf.permission.READ_GSERVICES" />
15-->[com.google.android.recaptcha:recaptcha:18.4.0] AndroidManifest.xml:9:5-98
15-->[com.google.android.recaptcha:recaptcha:18.4.0] AndroidManifest.xml:9:22-95
16
17    <permission
17-->[androidx.core:core:1.13.1] AndroidManifest.xml:22:5-24:47
18        android:name="com.example.unibus.DYNAMIC_RECEIVER_NOT_EXPORTED_PERMISSION"
18-->[androidx.core:core:1.13.1] AndroidManifest.xml:23:9-81
19        android:protectionLevel="signature" />
19-->[androidx.core:core:1.13.1] AndroidManifest.xml:24:9-44
20
21    <uses-permission android:name="com.example.unibus.DYNAMIC_RECEIVER_NOT_EXPORTED_PERMISSION" />
21-->[androidx.core:core:1.13.1] AndroidManifest.xml:26:5-97
21-->[androidx.core:core:1.13.1] AndroidManifest.xml:26:22-94
22    <uses-permission android:name="android.permission.CAMERA" /> <!-- Don't require camera, as this requires a rear camera. This allows it to work on the Nexus 7 -->
22-->[com.journeyapps:zxing-android-embedded:4.3.0] AndroidManifest.xml:22:5-65
22-->[com.journeyapps:zxing-android-embedded:4.3.0] AndroidManifest.xml:22:22-62
23    <uses-feature
23-->[com.journeyapps:zxing-android-embedded:4.3.0] AndroidManifest.xml:25:5-27:36
24        android:name="android.hardware.camera"
24-->[com.journeyapps:zxing-android-embedded:4.3.0] AndroidManifest.xml:26:9-47
25        android:required="false" />
25-->[com.journeyapps:zxing-android-embedded:4.3.0] AndroidManifest.xml:27:9-33
26    <uses-feature
26-->[com.journeyapps:zxing-android-embedded:4.3.0] AndroidManifest.xml:28:5-30:36
27        android:name="android.hardware.camera.front"
27-->[com.journeyapps:zxing-android-embedded:4.3.0] AndroidManifest.xml:29:9-53
28        android:required="false" /> <!-- TODO replace above two with next line after Android 4.2 -->
28-->[com.journeyapps:zxing-android-embedded:4.3.0] AndroidManifest.xml:30:9-33
29    <!-- <uses-feature android:name="android.hardware.camera.any"/> -->
30    <uses-feature
30-->[com.journeyapps:zxing-android-embedded:4.3.0] AndroidManifest.xml:33:5-35:36
31        android:name="android.hardware.camera.autofocus"
31-->[com.journeyapps:zxing-android-embedded:4.3.0] AndroidManifest.xml:34:9-57
32        android:required="false" />
32-->[com.journeyapps:zxing-android-embedded:4.3.0] AndroidManifest.xml:35:9-33
33    <uses-feature
33-->[com.journeyapps:zxing-android-embedded:4.3.0] AndroidManifest.xml:36:5-38:36
34        android:name="android.hardware.camera.flash"
34-->[com.journeyapps:zxing-android-embedded:4.3.0] AndroidManifest.xml:37:9-53
35        android:required="false" />
35-->[com.journeyapps:zxing-android-embedded:4.3.0] AndroidManifest.xml:38:9-33
36    <uses-feature
36-->[com.journeyapps:zxing-android-embedded:4.3.0] AndroidManifest.xml:39:5-41:36
37        android:name="android.hardware.screen.landscape"
37-->[com.journeyapps:zxing-android-embedded:4.3.0] AndroidManifest.xml:40:9-57
38        android:required="false" />
38-->[com.journeyapps:zxing-android-embedded:4.3.0] AndroidManifest.xml:41:9-33
39    <uses-feature
39-->[com.journeyapps:zxing-android-embedded:4.3.0] AndroidManifest.xml:42:5-44:36
40        android:name="android.hardware.wifi"
40-->[com.journeyapps:zxing-android-embedded:4.3.0] AndroidManifest.xml:43:9-45
41        android:required="false" />
41-->[com.journeyapps:zxing-android-embedded:4.3.0] AndroidManifest.xml:44:9-33
42
43    <supports-screens
43-->[org.osmdroid:osmdroid-android:6.1.18] AndroidManifest.xml:9:5-12:40
44        android:anyDensity="true"
44-->[org.osmdroid:osmdroid-android:6.1.18] AndroidManifest.xml:10:9-34
45        android:largeScreens="true"
45-->[org.osmdroid:osmdroid-android:6.1.18] AndroidManifest.xml:11:9-36
46        android:normalScreens="true" />
46-->[org.osmdroid:osmdroid-android:6.1.18] AndroidManifest.xml:12:9-37
47
48    <uses-feature
48-->[org.osmdroid:osmdroid-android:6.1.18] AndroidManifest.xml:14:5-16:36
49        android:name="android.hardware.location.network"
49-->[org.osmdroid:osmdroid-android:6.1.18] AndroidManifest.xml:15:9-57
50        android:required="false" />
50-->[org.osmdroid:osmdroid-android:6.1.18] AndroidManifest.xml:16:9-33
51    <uses-feature
51-->[org.osmdroid:osmdroid-android:6.1.18] AndroidManifest.xml:17:5-19:36
52        android:name="android.hardware.location.gps"
52-->[org.osmdroid:osmdroid-android:6.1.18] AndroidManifest.xml:18:9-53
53        android:required="false" />
53-->[org.osmdroid:osmdroid-android:6.1.18] AndroidManifest.xml:19:9-33
54    <uses-feature
54-->[org.osmdroid:osmdroid-android:6.1.18] AndroidManifest.xml:20:5-22:36
55        android:name="android.hardware.telephony"
55-->[org.osmdroid:osmdroid-android:6.1.18] AndroidManifest.xml:21:9-50
56        android:required="false" />
56-->[org.osmdroid:osmdroid-android:6.1.18] AndroidManifest.xml:22:9-33
57
58    <application
58-->src\main\AndroidManifest.xml:8:5-72:19
59        android:allowBackup="true"
59-->src\main\AndroidManifest.xml:9:9-35
60        android:appComponentFactory="androidx.core.app.CoreComponentFactory"
60-->[androidx.core:core:1.13.1] AndroidManifest.xml:28:18-86
61        android:debuggable="true"
62        android:extractNativeLibs="false"
63        android:icon="@mipmap/ic_launcher"
63-->src\main\AndroidManifest.xml:10:9-43
64        android:label="Unibus"
64-->src\main\AndroidManifest.xml:11:9-31
65        android:roundIcon="@mipmap/ic_launcher_round"
65-->src\main\AndroidManifest.xml:12:9-54
66        android:supportsRtl="true"
66-->src\main\AndroidManifest.xml:13:9-35
67        android:testOnly="true"
68        android:theme="@style/Theme.Unibus" >
68-->src\main\AndroidManifest.xml:14:9-44
69
70        <!-- Tela Inicial -->
71        <activity
71-->src\main\AndroidManifest.xml:17:9-22:20
72            android:name="com.example.unibus.LoadingActivity"
72-->src\main\AndroidManifest.xml:17:19-50
73            android:exported="true" >
73-->src\main\AndroidManifest.xml:17:51-74
74            <intent-filter>
74-->src\main\AndroidManifest.xml:18:13-21:29
75                <action android:name="android.intent.action.MAIN" />
75-->src\main\AndroidManifest.xml:19:17-69
75-->src\main\AndroidManifest.xml:19:25-66
76
77                <category android:name="android.intent.category.LAUNCHER" />
77-->src\main\AndroidManifest.xml:20:17-77
77-->src\main\AndroidManifest.xml:20:27-74
78            </intent-filter>
79        </activity>
80
81        <!-- Telas de Autenticação -->
82        <activity
82-->src\main\AndroidManifest.xml:25:9-76
83            android:name="com.example.unibus.LoginActivity"
83-->src\main\AndroidManifest.xml:25:19-48
84            android:exported="false" />
84-->src\main\AndroidManifest.xml:25:49-73
85        <activity
85-->src\main\AndroidManifest.xml:26:9-85
86            android:name="com.example.unibus.RecuperarSenhaActivity"
86-->src\main\AndroidManifest.xml:26:19-57
87            android:exported="false" />
87-->src\main\AndroidManifest.xml:26:58-82
88        <activity
88-->src\main\AndroidManifest.xml:27:9-86
89            android:name="com.example.unibus.ConfirmarCodigoActivity"
89-->src\main\AndroidManifest.xml:27:19-58
90            android:exported="false" />
90-->src\main\AndroidManifest.xml:27:59-83
91        <activity
91-->src\main\AndroidManifest.xml:28:9-83
92            android:name="com.example.unibus.AlterarSenhaActivity"
92-->src\main\AndroidManifest.xml:28:19-55
93            android:exported="false" />
93-->src\main\AndroidManifest.xml:28:56-80
94
95        <!-- Telas do Aluno -->
96        <activity
96-->src\main\AndroidManifest.xml:31:9-80
97            android:name="com.example.unibus.HomeAlunoActivity"
97-->src\main\AndroidManifest.xml:31:19-52
98            android:exported="false" />
98-->src\main\AndroidManifest.xml:31:53-77
99        <activity
99-->src\main\AndroidManifest.xml:32:9-75
100            android:name="com.example.unibus.MapaActivity"
100-->src\main\AndroidManifest.xml:32:19-47
101            android:exported="false" />
101-->src\main\AndroidManifest.xml:32:48-72
102        <activity
102-->src\main\AndroidManifest.xml:33:9-76
103            android:name="com.example.unibus.RotasActivity"
103-->src\main\AndroidManifest.xml:33:19-48
104            android:exported="false" />
104-->src\main\AndroidManifest.xml:33:49-73
105        <activity
105-->src\main\AndroidManifest.xml:34:9-77
106            android:name="com.example.unibus.QrCodeActivity"
106-->src\main\AndroidManifest.xml:34:19-49
107            android:exported="false" />
107-->src\main\AndroidManifest.xml:34:50-74
108        <activity
108-->src\main\AndroidManifest.xml:35:9-77
109            android:name="com.example.unibus.AvisosActivity"
109-->src\main\AndroidManifest.xml:35:19-49
110            android:exported="false" />
110-->src\main\AndroidManifest.xml:35:50-74
111        <activity
111-->src\main\AndroidManifest.xml:36:9-78
112            android:name="com.example.unibus.SuporteActivity"
112-->src\main\AndroidManifest.xml:36:19-50
113            android:exported="false" />
113-->src\main\AndroidManifest.xml:36:51-75
114
115        <!-- Telas do Motorista -->
116        <activity
116-->src\main\AndroidManifest.xml:39:9-87
117            android:name="com.example.unibus.InicialMotoristaActivity"
117-->src\main\AndroidManifest.xml:39:19-59
118            android:exported="false" />
118-->src\main\AndroidManifest.xml:39:60-84
119        <activity
119-->src\main\AndroidManifest.xml:40:9-86
120            android:name="com.example.unibus.AvisosMotoristaActivity"
120-->src\main\AndroidManifest.xml:40:19-58
121            android:exported="false" />
121-->src\main\AndroidManifest.xml:40:59-83
122        <activity
122-->src\main\AndroidManifest.xml:41:9-87
123            android:name="com.example.unibus.ConfirmacaoAvisoActivity"
123-->src\main\AndroidManifest.xml:41:19-59
124            android:exported="false" />
124-->src\main\AndroidManifest.xml:41:60-84
125
126        <!-- Telas do Admin -->
127        <activity
127-->src\main\AndroidManifest.xml:44:9-88
128            android:name="com.example.unibus.GerenciarUsuariosActivity"
128-->src\main\AndroidManifest.xml:44:19-60
129            android:exported="false" />
129-->src\main\AndroidManifest.xml:44:61-85
130        <activity
130-->src\main\AndroidManifest.xml:45:9-86
131            android:name="com.example.unibus.SucessoAtivacaoActivity"
131-->src\main\AndroidManifest.xml:45:19-58
132            android:exported="false" />
132-->src\main\AndroidManifest.xml:45:59-83
133        <activity
133-->src\main\AndroidManifest.xml:46:9-88
134            android:name="com.example.unibus.SucessoInativacaoActivity"
134-->src\main\AndroidManifest.xml:46:19-60
135            android:exported="false" />
135-->src\main\AndroidManifest.xml:46:61-85
136        <activity
136-->src\main\AndroidManifest.xml:47:9-83
137            android:name="com.example.unibus.InicialAdminActivity"
137-->src\main\AndroidManifest.xml:47:19-55
138            android:exported="false" />
138-->src\main\AndroidManifest.xml:47:56-80
139        <activity
139-->src\main\AndroidManifest.xml:48:9-85
140            android:name="com.example.unibus.GerenciarRotasActivity"
140-->src\main\AndroidManifest.xml:48:19-57
141            android:exported="false" />
141-->src\main\AndroidManifest.xml:48:58-82
142        <activity
142-->src\main\AndroidManifest.xml:49:9-80
143            android:name="com.example.unibus.CriarRotaActivity"
143-->src\main\AndroidManifest.xml:49:19-52
144            android:exported="false" />
144-->src\main\AndroidManifest.xml:49:53-77
145        <activity
145-->src\main\AndroidManifest.xml:50:9-81
146            android:name="com.example.unibus.EditarRotaActivity"
146-->src\main\AndroidManifest.xml:50:19-53
147            android:exported="false" />
147-->src\main\AndroidManifest.xml:50:54-78
148        <activity
148-->src\main\AndroidManifest.xml:51:9-82
149            android:name="com.example.unibus.ExcluirRotaActivity"
149-->src\main\AndroidManifest.xml:51:19-54
150            android:exported="false" />
150-->src\main\AndroidManifest.xml:51:55-79
151        <activity
151-->src\main\AndroidManifest.xml:52:9-86
152            android:name="com.example.unibus.SucessoExclusaoActivity"
152-->src\main\AndroidManifest.xml:52:19-58
153            android:exported="false" />
153-->src\main\AndroidManifest.xml:52:59-83
154        <activity
154-->src\main\AndroidManifest.xml:53:9-84
155            android:name="com.example.unibus.Estatisticas2Activity"
155-->src\main\AndroidManifest.xml:53:19-56
156            android:exported="false" />
156-->src\main\AndroidManifest.xml:53:57-81
157        <activity
157-->src\main\AndroidManifest.xml:54:9-83
158            android:name="com.example.unibus.EstatisticasActivity"
158-->src\main\AndroidManifest.xml:54:19-55
159            android:exported="false" />
159-->src\main\AndroidManifest.xml:54:56-80
160        <activity
160-->src\main\AndroidManifest.xml:55:9-91
161            android:name="com.example.unibus.EstatisticasCalendarActivity"
161-->src\main\AndroidManifest.xml:55:19-63
162            android:exported="false" />
162-->src\main\AndroidManifest.xml:55:64-88
163
164        <!-- Telas de Chamados -->
165        <activity
165-->src\main\AndroidManifest.xml:58:9-79
166            android:name="com.example.unibus.ChamadosActivity"
166-->src\main\AndroidManifest.xml:58:19-51
167            android:exported="false" />
167-->src\main\AndroidManifest.xml:58:52-76
168        <activity
168-->src\main\AndroidManifest.xml:59:9-89
169            android:name="com.example.unibus.ChamadosDetalhadosActivity"
169-->src\main\AndroidManifest.xml:59:19-61
170            android:exported="false" />
170-->src\main\AndroidManifest.xml:59:62-86
171        <activity
171-->src\main\AndroidManifest.xml:60:9-90
172            android:name="com.example.unibus.ChamadoEspecificadoActivity"
172-->src\main\AndroidManifest.xml:60:19-62
173            android:exported="false" />
173-->src\main\AndroidManifest.xml:60:63-87
174        <activity
174-->src\main\AndroidManifest.xml:61:9-87
175            android:name="com.example.unibus.ResponderChamadoActivity"
175-->src\main\AndroidManifest.xml:61:19-59
176            android:exported="false" />
176-->src\main\AndroidManifest.xml:61:60-84
177        <activity
177-->src\main\AndroidManifest.xml:62:9-83
178            android:name="com.example.unibus.SucessoAvisoActivity"
178-->src\main\AndroidManifest.xml:62:19-55
179            android:exported="false" />
179-->src\main\AndroidManifest.xml:62:56-80
180
181        <!-- Telas de Relatórios -->
182        <activity
182-->src\main\AndroidManifest.xml:65:9-81
183            android:name="com.example.unibus.RelatoriosActivity"
183-->src\main\AndroidManifest.xml:65:19-53
184            android:exported="false" />
184-->src\main\AndroidManifest.xml:65:54-78
185        <activity
185-->src\main\AndroidManifest.xml:66:9-86
186            android:name="com.example.unibus.RelatoriosPicosActivity"
186-->src\main\AndroidManifest.xml:66:19-58
187            android:exported="false" />
187-->src\main\AndroidManifest.xml:66:59-83
188        <activity
188-->src\main\AndroidManifest.xml:67:9-92
189            android:name="com.example.unibus.RelatoriosSolicitacaoActivity"
189-->src\main\AndroidManifest.xml:67:19-64
190            android:exported="false" />
190-->src\main\AndroidManifest.xml:67:65-89
191
192        <!-- Outras -->
193        <activity
193-->src\main\AndroidManifest.xml:70:9-76
194            android:name="com.example.unibus.ErrorActivity"
194-->src\main\AndroidManifest.xml:70:19-48
195            android:exported="false" />
195-->src\main\AndroidManifest.xml:70:49-73
196
197        <provider
197-->[androidx.emoji2:emoji2:1.3.0] AndroidManifest.xml:24:9-32:20
198            android:name="androidx.startup.InitializationProvider"
198-->[androidx.emoji2:emoji2:1.3.0] AndroidManifest.xml:25:13-67
199            android:authorities="com.example.unibus.androidx-startup"
199-->[androidx.emoji2:emoji2:1.3.0] AndroidManifest.xml:26:13-68
200            android:exported="false" >
200-->[androidx.emoji2:emoji2:1.3.0] AndroidManifest.xml:27:13-37
201            <meta-data
201-->[androidx.emoji2:emoji2:1.3.0] AndroidManifest.xml:29:13-31:52
202                android:name="androidx.emoji2.text.EmojiCompatInitializer"
202-->[androidx.emoji2:emoji2:1.3.0] AndroidManifest.xml:30:17-75
203                android:value="androidx.startup" />
203-->[androidx.emoji2:emoji2:1.3.0] AndroidManifest.xml:31:17-49
204            <meta-data
204-->[androidx.lifecycle:lifecycle-process:2.6.2] AndroidManifest.xml:29:13-31:52
205                android:name="androidx.lifecycle.ProcessLifecycleInitializer"
205-->[androidx.lifecycle:lifecycle-process:2.6.2] AndroidManifest.xml:30:17-78
206                android:value="androidx.startup" />
206-->[androidx.lifecycle:lifecycle-process:2.6.2] AndroidManifest.xml:31:17-49
207            <meta-data
207-->[androidx.profileinstaller:profileinstaller:1.3.1] AndroidManifest.xml:29:13-31:52
208                android:name="androidx.profileinstaller.ProfileInstallerInitializer"
208-->[androidx.profileinstaller:profileinstaller:1.3.1] AndroidManifest.xml:30:17-85
209                android:value="androidx.startup" />
209-->[androidx.profileinstaller:profileinstaller:1.3.1] AndroidManifest.xml:31:17-49
210        </provider>
211
212        <service
212-->[com.google.firebase:firebase-auth-ktx:23.0.0] AndroidManifest.xml:8:9-14:19
213            android:name="com.google.firebase.components.ComponentDiscoveryService"
213-->[com.google.firebase:firebase-auth-ktx:23.0.0] AndroidManifest.xml:9:13-84
214            android:directBootAware="true"
214-->[com.google.firebase:firebase-common:21.0.0] AndroidManifest.xml:32:13-43
215            android:exported="false" >
215-->[com.google.firebase:firebase-auth-ktx:23.0.0] AndroidManifest.xml:10:13-37
216            <meta-data
216-->[com.google.firebase:firebase-auth-ktx:23.0.0] AndroidManifest.xml:11:13-13:85
217                android:name="com.google.firebase.components:com.google.firebase.auth.ktx.FirebaseAuthLegacyRegistrar"
217-->[com.google.firebase:firebase-auth-ktx:23.0.0] AndroidManifest.xml:12:17-119
218                android:value="com.google.firebase.components.ComponentRegistrar" />
218-->[com.google.firebase:firebase-auth-ktx:23.0.0] AndroidManifest.xml:13:17-82
219            <meta-data
219-->[com.google.firebase:firebase-auth:23.0.0] AndroidManifest.xml:69:13-71:85
220                android:name="com.google.firebase.components:com.google.firebase.auth.FirebaseAuthRegistrar"
220-->[com.google.firebase:firebase-auth:23.0.0] AndroidManifest.xml:70:17-109
221                android:value="com.google.firebase.components.ComponentRegistrar" />
221-->[com.google.firebase:firebase-auth:23.0.0] AndroidManifest.xml:71:17-82
222            <meta-data
222-->[com.google.firebase:firebase-firestore-ktx:25.0.0] AndroidManifest.xml:12:13-14:85
223                android:name="com.google.firebase.components:com.google.firebase.firestore.ktx.FirebaseFirestoreLegacyRegistrar"
223-->[com.google.firebase:firebase-firestore-ktx:25.0.0] AndroidManifest.xml:13:17-129
224                android:value="com.google.firebase.components.ComponentRegistrar" />
224-->[com.google.firebase:firebase-firestore-ktx:25.0.0] AndroidManifest.xml:14:17-82
225            <meta-data
225-->[com.google.firebase:firebase-firestore:25.0.0] AndroidManifest.xml:17:13-19:85
226                android:name="com.google.firebase.components:com.google.firebase.firestore.FirebaseFirestoreKtxRegistrar"
226-->[com.google.firebase:firebase-firestore:25.0.0] AndroidManifest.xml:18:17-122
227                android:value="com.google.firebase.components.ComponentRegistrar" />
227-->[com.google.firebase:firebase-firestore:25.0.0] AndroidManifest.xml:19:17-82
228            <meta-data
228-->[com.google.firebase:firebase-firestore:25.0.0] AndroidManifest.xml:20:13-22:85
229                android:name="com.google.firebase.components:com.google.firebase.firestore.FirestoreRegistrar"
229-->[com.google.firebase:firebase-firestore:25.0.0] AndroidManifest.xml:21:17-111
230                android:value="com.google.firebase.components.ComponentRegistrar" />
230-->[com.google.firebase:firebase-firestore:25.0.0] AndroidManifest.xml:22:17-82
231            <meta-data
231-->[com.google.firebase:firebase-common-ktx:21.0.0] AndroidManifest.xml:12:13-14:85
232                android:name="com.google.firebase.components:com.google.firebase.ktx.FirebaseCommonLegacyRegistrar"
232-->[com.google.firebase:firebase-common-ktx:21.0.0] AndroidManifest.xml:13:17-116
233                android:value="com.google.firebase.components.ComponentRegistrar" />
233-->[com.google.firebase:firebase-common-ktx:21.0.0] AndroidManifest.xml:14:17-82
234            <meta-data
234-->[com.google.firebase:firebase-common:21.0.0] AndroidManifest.xml:35:13-37:85
235                android:name="com.google.firebase.components:com.google.firebase.FirebaseCommonKtxRegistrar"
235-->[com.google.firebase:firebase-common:21.0.0] AndroidManifest.xml:36:17-109
236                android:value="com.google.firebase.components.ComponentRegistrar" />
236-->[com.google.firebase:firebase-common:21.0.0] AndroidManifest.xml:37:17-82
237        </service>
238
239        <activity
239-->[com.google.firebase:firebase-auth:23.0.0] AndroidManifest.xml:29:9-46:20
240            android:name="com.google.firebase.auth.internal.GenericIdpActivity"
240-->[com.google.firebase:firebase-auth:23.0.0] AndroidManifest.xml:30:13-80
241            android:excludeFromRecents="true"
241-->[com.google.firebase:firebase-auth:23.0.0] AndroidManifest.xml:31:13-46
242            android:exported="true"
242-->[com.google.firebase:firebase-auth:23.0.0] AndroidManifest.xml:32:13-36
243            android:launchMode="singleTask"
243-->[com.google.firebase:firebase-auth:23.0.0] AndroidManifest.xml:33:13-44
244            android:theme="@android:style/Theme.Translucent.NoTitleBar" >
244-->[com.google.firebase:firebase-auth:23.0.0] AndroidManifest.xml:34:13-72
245            <intent-filter>
245-->[com.google.firebase:firebase-auth:23.0.0] AndroidManifest.xml:35:13-45:29
246                <action android:name="android.intent.action.VIEW" />
246-->[com.google.firebase:firebase-auth:23.0.0] AndroidManifest.xml:36:17-69
246-->[com.google.firebase:firebase-auth:23.0.0] AndroidManifest.xml:36:25-66
247
248                <category android:name="android.intent.category.DEFAULT" />
248-->[com.google.firebase:firebase-auth:23.0.0] AndroidManifest.xml:38:17-76
248-->[com.google.firebase:firebase-auth:23.0.0] AndroidManifest.xml:38:27-73
249                <category android:name="android.intent.category.BROWSABLE" />
249-->[com.google.firebase:firebase-auth:23.0.0] AndroidManifest.xml:39:17-78
249-->[com.google.firebase:firebase-auth:23.0.0] AndroidManifest.xml:39:27-75
250
251                <data
251-->[com.google.firebase:firebase-auth:23.0.0] AndroidManifest.xml:41:17-44:51
252                    android:host="firebase.auth"
252-->[com.google.firebase:firebase-auth:23.0.0] AndroidManifest.xml:42:21-49
253                    android:path="/"
253-->[com.google.firebase:firebase-auth:23.0.0] AndroidManifest.xml:43:21-37
254                    android:scheme="genericidp" />
254-->[com.google.firebase:firebase-auth:23.0.0] AndroidManifest.xml:44:21-48
255            </intent-filter>
256        </activity>
257        <activity
257-->[com.google.firebase:firebase-auth:23.0.0] AndroidManifest.xml:47:9-64:20
258            android:name="com.google.firebase.auth.internal.RecaptchaActivity"
258-->[com.google.firebase:firebase-auth:23.0.0] AndroidManifest.xml:48:13-79
259            android:excludeFromRecents="true"
259-->[com.google.firebase:firebase-auth:23.0.0] AndroidManifest.xml:49:13-46
260            android:exported="true"
260-->[com.google.firebase:firebase-auth:23.0.0] AndroidManifest.xml:50:13-36
261            android:launchMode="singleTask"
261-->[com.google.firebase:firebase-auth:23.0.0] AndroidManifest.xml:51:13-44
262            android:theme="@android:style/Theme.Translucent.NoTitleBar" >
262-->[com.google.firebase:firebase-auth:23.0.0] AndroidManifest.xml:52:13-72
263            <intent-filter>
263-->[com.google.firebase:firebase-auth:23.0.0] AndroidManifest.xml:53:13-63:29
264                <action android:name="android.intent.action.VIEW" />
264-->[com.google.firebase:firebase-auth:23.0.0] AndroidManifest.xml:36:17-69
264-->[com.google.firebase:firebase-auth:23.0.0] AndroidManifest.xml:36:25-66
265
266                <category android:name="android.intent.category.DEFAULT" />
266-->[com.google.firebase:firebase-auth:23.0.0] AndroidManifest.xml:38:17-76
266-->[com.google.firebase:firebase-auth:23.0.0] AndroidManifest.xml:38:27-73
267                <category android:name="android.intent.category.BROWSABLE" />
267-->[com.google.firebase:firebase-auth:23.0.0] AndroidManifest.xml:39:17-78
267-->[com.google.firebase:firebase-auth:23.0.0] AndroidManifest.xml:39:27-75
268
269                <data
269-->[com.google.firebase:firebase-auth:23.0.0] AndroidManifest.xml:41:17-44:51
270                    android:host="firebase.auth"
270-->[com.google.firebase:firebase-auth:23.0.0] AndroidManifest.xml:42:21-49
271                    android:path="/"
271-->[com.google.firebase:firebase-auth:23.0.0] AndroidManifest.xml:43:21-37
272                    android:scheme="recaptcha" />
272-->[com.google.firebase:firebase-auth:23.0.0] AndroidManifest.xml:44:21-48
273            </intent-filter>
274        </activity>
275
276        <service
276-->[androidx.credentials:credentials-play-services-auth:1.2.0-rc01] AndroidManifest.xml:24:9-32:19
277            android:name="androidx.credentials.playservices.CredentialProviderMetadataHolder"
277-->[androidx.credentials:credentials-play-services-auth:1.2.0-rc01] AndroidManifest.xml:25:13-94
278            android:enabled="true"
278-->[androidx.credentials:credentials-play-services-auth:1.2.0-rc01] AndroidManifest.xml:26:13-35
279            android:exported="false" >
279-->[androidx.credentials:credentials-play-services-auth:1.2.0-rc01] AndroidManifest.xml:27:13-37
280            <meta-data
280-->[androidx.credentials:credentials-play-services-auth:1.2.0-rc01] AndroidManifest.xml:29:13-31:104
281                android:name="androidx.credentials.CREDENTIAL_PROVIDER_KEY"
281-->[androidx.credentials:credentials-play-services-auth:1.2.0-rc01] AndroidManifest.xml:30:17-76
282                android:value="androidx.credentials.playservices.CredentialProviderPlayServicesImpl" />
282-->[androidx.credentials:credentials-play-services-auth:1.2.0-rc01] AndroidManifest.xml:31:17-101
283        </service>
284
285        <activity
285-->[androidx.credentials:credentials-play-services-auth:1.2.0-rc01] AndroidManifest.xml:34:9-41:20
286            android:name="androidx.credentials.playservices.HiddenActivity"
286-->[androidx.credentials:credentials-play-services-auth:1.2.0-rc01] AndroidManifest.xml:35:13-76
287            android:configChanges="orientation|screenSize|screenLayout|keyboardHidden"
287-->[androidx.credentials:credentials-play-services-auth:1.2.0-rc01] AndroidManifest.xml:36:13-87
288            android:enabled="true"
288-->[androidx.credentials:credentials-play-services-auth:1.2.0-rc01] AndroidManifest.xml:37:13-35
289            android:exported="false"
289-->[androidx.credentials:credentials-play-services-auth:1.2.0-rc01] AndroidManifest.xml:38:13-37
290            android:fitsSystemWindows="true"
290-->[androidx.credentials:credentials-play-services-auth:1.2.0-rc01] AndroidManifest.xml:39:13-45
291            android:theme="@style/Theme.Hidden" >
291-->[androidx.credentials:credentials-play-services-auth:1.2.0-rc01] AndroidManifest.xml:40:13-48
292        </activity>
293        <activity
293-->[com.google.android.gms:play-services-auth:20.7.0] AndroidManifest.xml:23:9-27:75
294            android:name="com.google.android.gms.auth.api.signin.internal.SignInHubActivity"
294-->[com.google.android.gms:play-services-auth:20.7.0] AndroidManifest.xml:24:13-93
295            android:excludeFromRecents="true"
295-->[com.google.android.gms:play-services-auth:20.7.0] AndroidManifest.xml:25:13-46
296            android:exported="false"
296-->[com.google.android.gms:play-services-auth:20.7.0] AndroidManifest.xml:26:13-37
297            android:theme="@android:style/Theme.Translucent.NoTitleBar" />
297-->[com.google.android.gms:play-services-auth:20.7.0] AndroidManifest.xml:27:13-72
298        <!--
299            Service handling Google Sign-In user revocation. For apps that do not integrate with
300            Google Sign-In, this service will never be started.
301        -->
302        <service
302-->[com.google.android.gms:play-services-auth:20.7.0] AndroidManifest.xml:33:9-37:51
303            android:name="com.google.android.gms.auth.api.signin.RevocationBoundService"